{"C:\\Users\\Xiaomi\\Desktop\\pokemon-desk\\src\\config\\index.tsx": {"path":"C:\\Users\\Xiaomi\\Desktop\\pokemon-desk\\src\\config\\index.tsx","statementMap":{"0":{"start":{"line":18,"column":13},"end":{"line":39,"column":2}},"1":{"start":{"line":41,"column":0},"end":{"line":41,"column":22}}},"fnMap":{},"branchMap":{},"s":{"0":1,"1":1},"f":{},"b":{}}
,"C:\\Users\\Xiaomi\\Desktop\\pokemon-desk\\src\\utils\\getUrlWithParamsConfig.ts": {"path":"C:\\Users\\Xiaomi\\Desktop\\pokemon-desk\\src\\utils\\getUrlWithParamsConfig.ts","statementMap":{"0":{"start":{"line":1,"column":0},"end":{"line":1,"column":37}},"1":{"start":{"line":4,"column":11},"end":{"line":7,"column":null}},"2":{"start":{"line":10,"column":19},"end":{"line":20,"column":18}},"3":{"start":{"line":12,"column":4},"end":{"line":16,"column":null}},"4":{"start":{"line":13,"column":21},"end":{"line":13,"column":56}},"5":{"start":{"line":14,"column":6},"end":{"line":14,"column":null}},"6":{"start":{"line":15,"column":6},"end":{"line":15,"column":null}},"7":{"start":{"line":18,"column":4},"end":{"line":18,"column":null}},"8":{"start":{"line":22,"column":2},"end":{"line":22,"column":null}},"9":{"start":{"line":23,"column":2},"end":{"line":25,"column":null}},"10":{"start":{"line":27,"column":2},"end":{"line":27,"column":13}},"11":{"start":{"line":3,"column":0},"end":{"line":3,"column":24}}},"fnMap":{"0":{"name":"getUrlWithParamsConfig","decl":{"start":{"line":3,"column":24},"end":{"line":3,"column":46}},"loc":{"start":{"line":3,"column":80},"end":{"line":28,"column":1}}},"1":{"name":"(anonymous_4)","decl":{"start":{"line":10,"column":45},"end":{"line":10,"column":46}},"loc":{"start":{"line":10,"column":54},"end":{"line":20,"column":3}}}},"branchMap":{"0":{"loc":{"start":{"line":12,"column":4},"end":{"line":16,"column":null}},"type":"if","locations":[{"start":{"line":12,"column":4},"end":{"line":16,"column":null}},{"start":{"line":12,"column":4},"end":{"line":16,"column":null}}]}},"s":{"0":1,"1":3,"2":3,"3":2,"4":1,"5":1,"6":1,"7":1,"8":3,"9":3,"10":3,"11":1},"f":{"0":3,"1":2},"b":{"0":[1,1]}}
}
